<?xml version="1.0" encoding="UTF-8"?>
<!-- Generated by org.testng.reporters.JUnitReportReporter -->
<testsuite skipped="0" hostname="VidyaPC" name="ReTesting.using_XLutilsmethod" tests="1" failures="0" timestamp="11 Sep 2018 23:36:03 GMT" time="2.467" errors="0">
  <testcase name="launch" time="2.467" classname="ReTesting.using_XLutilsmethod"/>
</testsuite> <!-- ReTesting.using_XLutilsmethod -->
