<?xml version="1.0" encoding="UTF-8"?>
<!-- Generated by org.testng.reporters.JUnitReportReporter -->
<testsuite skipped="0" hostname="VidyaPC" name="Window_handles.Using_iterator" tests="1" failures="0" timestamp="21 Aug 2018 20:31:22 GMT" time="40.121" errors="0">
  <testcase name="Windows_naukri" time="40.121" classname="Window_handles.Using_iterator"/>
</testsuite> <!-- Window_handles.Using_iterator -->
