<?xml version="1.0" encoding="UTF-8"?>
<!-- Generated by org.testng.reporters.JUnitReportReporter -->
<testsuite skipped="0" hostname="VidyaPC" name="Window_handles.Array_List" tests="1" failures="0" timestamp="20 Aug 2018 21:10:02 GMT" time="31.563" errors="0">
  <testcase name="VerifyMultiple_Windows" time="31.563" classname="Window_handles.Array_List"/>
</testsuite> <!-- Window_handles.Array_List -->
