<?xml version="1.0" encoding="UTF-8"?>
<!-- Generated by org.testng.reporters.JUnitReportReporter -->
<testsuite skipped="0" hostname="VidyaPC" name="TestNG.webtourexample" tests="1" failures="0" timestamp="30 Aug 2018 10:36:04 GMT" time="73.283" errors="0">
  <testcase name="Register" time="73.283" classname="TestNG.webtourexample"/>
</testsuite> <!-- TestNG.webtourexample -->
