<?xml version="1.0" encoding="UTF-8"?>
<!-- Generated by org.testng.reporters.JUnitReportReporter -->
<testsuite skipped="0" hostname="VidyaPC" name="TestNG.parameter_login" tests="1" failures="0" timestamp="20 Aug 2018 20:41:46 GMT" time="10.237" errors="0">
  <testcase name="login" time="10.237" classname="TestNG.parameter_login"/>
</testsuite> <!-- TestNG.parameter_login -->
