<?xml version="1.0" encoding="UTF-8"?>
<!-- Generated by org.testng.reporters.JUnitReportReporter -->
<testsuite skipped="0" hostname="VidyaPC" name="table.Table_2" tests="1" failures="0" timestamp="23 Aug 2018 21:16:12 GMT" time="20.981" errors="0">
  <testcase name="windows_naukri" time="20.981" classname="table.Table_2"/>
</testsuite> <!-- table.Table_2 -->
