<?xml version="1.0" encoding="UTF-8"?>
<!-- Generated by org.testng.reporters.JUnitReportReporter -->
<testsuite skipped="0" hostname="VidyaPC" name="table.Window_1" tests="1" failures="0" timestamp="24 Aug 2018 21:07:40 GMT" time="27.651" errors="0">
  <testcase name="Verify_windowhandles" time="27.651" classname="table.Window_1"/>
</testsuite> <!-- table.Window_1 -->
