<?xml version="1.0" encoding="UTF-8"?>
<!-- Generated by org.testng.reporters.JUnitReportReporter -->
<testsuite skipped="0" hostname="VidyaPC" name="com.Webtour" tests="2" failures="0" timestamp="16 Aug 2018 00:20:45 GMT" time="45.470" errors="0">
  <testcase name="Verify_Login" time="22.467" classname="com.Webtour"/>
  <testcase name="Verify_Register" time="23.003" classname="com.Webtour"/>
</testsuite> <!-- com.Webtour -->
