<?xml version="1.0" encoding="UTF-8"?>
<!-- Generated by org.testng.reporters.JUnitReportReporter -->
<testsuite skipped="0" hostname="VidyaPC" name="TestNG.WebTour1" tests="2" failures="0" timestamp="16 Aug 2018 09:54:37 GMT" time="38.907" errors="0">
  <testcase name="Verify_Login" time="16.261" classname="TestNG.WebTour1"/>
  <testcase name="Verify_Register" time="22.646" classname="TestNG.WebTour1"/>
</testsuite> <!-- TestNG.WebTour1 -->
