<?xml version="1.0" encoding="UTF-8"?>
<!-- Generated by org.testng.reporters.JUnitReportReporter -->
<testsuite skipped="0" hostname="VidyaPC" name="table.table_1" tests="1" failures="0" timestamp="21 Aug 2018 20:52:08 GMT" time="0.613" errors="0">
  <testcase name="Table" time="0.613" classname="table.table_1"/>
</testsuite> <!-- table.table_1 -->
